# JRE version: OpenJDK Runtime Environment Temurin-21.0.10+7 (21.0.10+7) (build 21.0.10+7-LTS)
# Java VM: OpenJDK 64-Bit Server VM Temurin-21.0.10+7 (21.0.10+7-LTS, mixed mode, sharing, tiered, compressed oops, compressed class ptrs, parallel gc, windows-amd64)
GC Precious Log:
 CardTable entry size: 512
 CPUs: 8 total, 8 available
 Memory: 16167M
 Large Page Support: Disabled
 NUMA Support: Disabled
 Compressed Oops: Enabled (32-bit)
 Alignments: Space 512K, Generation 512K, Heap 2M
 Heap Min Capacity: 100M
 Heap Initial Capacity: 100M
 Heap Max Capacity: 2G
 Pre-touch: Disabled
 Parallel Workers: 8
Heap:
 PSYoungGen      total 20992K, used 4763K [0x00000000d5580000, 0x00000000d6b80000, 0x0000000100000000)
  eden space 20480K, 23% used [0x00000000d5580000,0x00000000d5a26e90,0x00000000d6980000)
  from space 512K, 0% used [0x00000000d6b00000,0x00000000d6b00000,0x00000000d6b80000)
  to   space 512K, 0% used [0x00000000d6a80000,0x00000000d6a80000,0x00000000d6b00000)
 ParOldGen       total 68608K, used 52050K [0x0000000080000000, 0x0000000084300000, 0x00000000d5580000)
  object space 68608K, 75% used [0x0000000080000000,0x00000000832d4b60,0x0000000084300000)
 Metaspace       used 58474K, committed 59968K, reserved 1114112K
  class space    used 6366K, committed 7040K, reserved 1048576K
GC Heap History (20 events):
Event: 7.935 GC heap before
{Heap before GC invocations=34 (full 2):
 PSYoungGen      total 22528K, used 22209K [0x00000000d5580000, 0x00000000d6f00000, 0x0000000100000000)
  eden space 20480K, 99% used [0x00000000d5580000,0x00000000d697c788,0x00000000d6980000)
  from space 2048K, 85% used [0x00000000d6a00000,0x00000000d6bb4010,0x00000000d6c00000)
  to   space 2560K, 0% used [0x00000000d6c80000,0x00000000d6c80000,0x00000000d6f00000)
 ParOldGen       total 68608K, used 51744K [0x0000000080000000, 0x0000000084300000, 0x00000000d5580000)
  object space 68608K, 75% used [0x0000000080000000,0x0000000083288398,0x0000000084300000)
 Metaspace       used 55003K, committed 56448K, reserved 1114112K
  class space    used 6012K, committed 6656K, reserved 1048576K
}
Event: 7.937 GC heap after
{Heap after GC invocations=34 (full 2):
 PSYoungGen      total 22528K, used 1728K [0x00000000d5580000, 0x00000000d6e80000, 0x0000000100000000)
  eden space 20480K, 0% used [0x00000000d5580000,0x00000000d5580000,0x00000000d6980000)
  from space 2048K, 84% used [0x00000000d6c80000,0x00000000d6e30000,0x00000000d6e80000)
  to   space 2048K, 0% used [0x00000000d6a00000,0x00000000d6a00000,0x00000000d6c00000)
 ParOldGen       total 68608K, used 53182K [0x0000000080000000, 0x0000000084300000, 0x00000000d5580000)
  object space 68608K, 77% used [0x0000000080000000,0x00000000833efa20,0x0000000084300000)
 Metaspace       used 55003K, committed 56448K, reserved 1114112K
  class space    used 6012K, committed 6656K, reserved 1048576K
}
Event: 8.118 GC heap before
{Heap before GC invocations=35 (full 2):
 PSYoungGen      total 22528K, used 22205K [0x00000000d5580000, 0x00000000d6e80000, 0x0000000100000000)
  eden space 20480K, 99% used [0x00000000d5580000,0x00000000d697f428,0x00000000d6980000)
  from space 2048K, 84% used [0x00000000d6c80000,0x00000000d6e30000,0x00000000d6e80000)
  to   space 2048K, 0% used [0x00000000d6a00000,0x00000000d6a00000,0x00000000d6c00000)
 ParOldGen       total 68608K, used 53182K [0x0000000080000000, 0x0000000084300000, 0x00000000d5580000)
  object space 68608K, 77% used [0x0000000080000000,0x00000000833efa20,0x0000000084300000)
 Metaspace       used 55304K, committed 56768K, reserved 1114112K
  class space    used 6035K, committed 6720K, reserved 1048576K
}
Event: 8.119 GC heap after
{Heap after GC invocations=35 (full 2):
 PSYoungGen      total 21504K, used 960K [0x00000000d5580000, 0x00000000d6d00000, 0x0000000100000000)
  eden space 20480K, 0% used [0x00000000d5580000,0x00000000d5580000,0x00000000d6980000)
  from space 1024K, 93% used [0x00000000d6a00000,0x00000000d6af0000,0x00000000d6b00000)
  to   space 1536K, 0% used [0x00000000d6b80000,0x00000000d6b80000,0x00000000d6d00000)
 ParOldGen       total 68608K, used 54050K [0x0000000080000000, 0x0000000084300000, 0x00000000d5580000)
  object space 68608K, 78% used [0x0000000080000000,0x00000000834c8a30,0x0000000084300000)
 Metaspace       used 55304K, committed 56768K, reserved 1114112K
  class space    used 6035K, committed 6720K, reserved 1048576K
}
Event: 8.598 GC heap before
{Heap before GC invocations=36 (full 2):
 PSYoungGen      total 21504K, used 21440K [0x00000000d5580000, 0x00000000d6d00000, 0x0000000100000000)
  eden space 20480K, 100% used [0x00000000d5580000,0x00000000d6980000,0x00000000d6980000)
  from space 1024K, 93% used [0x00000000d6a00000,0x00000000d6af0000,0x00000000d6b00000)
  to   space 1536K, 0% used [0x00000000d6b80000,0x00000000d6b80000,0x00000000d6d00000)
 ParOldGen       total 68608K, used 54050K [0x0000000080000000, 0x0000000084300000, 0x00000000d5580000)
  object space 68608K, 78% used [0x0000000080000000,0x00000000834c8a30,0x0000000084300000)
 Metaspace       used 56144K, committed 57600K, reserved 1114112K
  class space    used 6142K, committed 6784K, reserved 1048576K
}
Event: 8.599 GC heap after
{Heap after GC invocations=36 (full 2):
 PSYoungGen      total 22016K, used 1376K [0x00000000d5580000, 0x00000000d6d00000, 0x0000000100000000)
  eden space 20480K, 0% used [0x00000000d5580000,0x00000000d5580000,0x00000000d6980000)
  from space 1536K, 89% used [0x00000000d6b80000,0x00000000d6cd8000,0x00000000d6d00000)
  to   space 1536K, 0% used [0x00000000d6a00000,0x00000000d6a00000,0x00000000d6b80000)
 ParOldGen       total 68608K, used 54872K [0x0000000080000000, 0x0000000084300000, 0x00000000d5580000)
  object space 68608K, 79% used [0x0000000080000000,0x0000000083596148,0x0000000084300000)
 Metaspace       used 56144K, committed 57600K, reserved 1114112K
  class space    used 6142K, committed 6784K, reserved 1048576K
}
Event: 8.938 GC heap before
{Heap before GC invocations=37 (full 2):
 PSYoungGen      total 22016K, used 21856K [0x00000000d5580000, 0x00000000d6d00000, 0x0000000100000000)
  eden space 20480K, 100% used [0x00000000d5580000,0x00000000d6980000,0x00000000d6980000)
  from space 1536K, 89% used [0x00000000d6b80000,0x00000000d6cd8000,0x00000000d6d00000)
  to   space 1536K, 0% used [0x00000000d6a00000,0x00000000d6a00000,0x00000000d6b80000)
 ParOldGen       total 68608K, used 54872K [0x0000000080000000, 0x0000000084300000, 0x00000000d5580000)
  object space 68608K, 79% used [0x0000000080000000,0x0000000083596148,0x0000000084300000)
 Metaspace       used 57979K, committed 59456K, reserved 1114112K
  class space    used 6327K, committed 6976K, reserved 1048576K
}
Event: 8.939 GC heap after
{Heap after GC invocations=37 (full 2):
 PSYoungGen      total 21504K, used 882K [0x00000000d5580000, 0x00000000d6c80000, 0x0000000100000000)
  eden space 20480K, 0% used [0x00000000d5580000,0x00000000d5580000,0x00000000d6980000)
  from space 1024K, 86% used [0x00000000d6a00000,0x00000000d6adca70,0x00000000d6b00000)
  to   space 1536K, 0% used [0x00000000d6b00000,0x00000000d6b00000,0x00000000d6c80000)
 ParOldGen       total 68608K, used 56054K [0x0000000080000000, 0x0000000084300000, 0x00000000d5580000)
  object space 68608K, 81% used [0x0000000080000000,0x00000000836bd870,0x0000000084300000)
 Metaspace       used 57979K, committed 59456K, reserved 1114112K
  class space    used 6327K, committed 6976K, reserved 1048576K
}
Event: 9.094 GC heap before
{Heap before GC invocations=38 (full 2):
 PSYoungGen      total 21504K, used 21362K [0x00000000d5580000, 0x00000000d6c80000, 0x0000000100000000)
  eden space 20480K, 100% used [0x00000000d5580000,0x00000000d6980000,0x00000000d6980000)
  from space 1024K, 86% used [0x00000000d6a00000,0x00000000d6adca70,0x00000000d6b00000)
  to   space 1536K, 0% used [0x00000000d6b00000,0x00000000d6b00000,0x00000000d6c80000)
 ParOldGen       total 68608K, used 56054K [0x0000000080000000, 0x0000000084300000, 0x00000000d5580000)
  object space 68608K, 81% used [0x0000000080000000,0x00000000836bd870,0x0000000084300000)
 Metaspace       used 58230K, committed 59712K, reserved 1114112K
  class space    used 6347K, committed 6976K, reserved 1048576K
}
Event: 9.095 GC heap after
{Heap after GC invocations=38 (full 2):
 PSYoungGen      total 21504K, used 777K [0x00000000d5580000, 0x00000000d6c00000, 0x0000000100000000)
  eden space 20480K, 0% used [0x00000000d5580000,0x00000000d5580000,0x00000000d6980000)
  from space 1024K, 75% used [0x00000000d6b00000,0x00000000d6bc2560,0x00000000d6c00000)
  to   space 1024K, 0% used [0x00000000d6a00000,0x00000000d6a00000,0x00000000d6b00000)
 ParOldGen       total 68608K, used 56756K [0x0000000080000000, 0x0000000084300000, 0x00000000d5580000)
  object space 68608K, 82% used [0x0000000080000000,0x000000008376d388,0x0000000084300000)
 Metaspace       used 58230K, committed 59712K, reserved 1114112K
  class space    used 6347K, committed 6976K, reserved 1048576K
}
Event: 9.170 GC heap before
{Heap before GC invocations=39 (full 2):
 PSYoungGen      total 21504K, used 21257K [0x00000000d5580000, 0x00000000d6c00000, 0x0000000100000000)
  eden space 20480K, 100% used [0x00000000d5580000,0x00000000d6980000,0x00000000d6980000)
  from space 1024K, 75% used [0x00000000d6b00000,0x00000000d6bc2560,0x00000000d6c00000)
  to   space 1024K, 0% used [0x00000000d6a00000,0x00000000d6a00000,0x00000000d6b00000)
 ParOldGen       total 68608K, used 56756K [0x0000000080000000, 0x0000000084300000, 0x00000000d5580000)
  object space 68608K, 82% used [0x0000000080000000,0x000000008376d388,0x0000000084300000)
 Metaspace       used 58253K, committed 59712K, reserved 1114112K
  class space    used 6347K, committed 6976K, reserved 1048576K
}
Event: 9.172 GC heap after
{Heap after GC invocations=39 (full 2):
 PSYoungGen      total 21504K, used 872K [0x00000000d5580000, 0x00000000d6b80000, 0x0000000100000000)
  eden space 20480K, 0% used [0x00000000d5580000,0x00000000d5580000,0x00000000d6980000)
  from space 1024K, 85% used [0x00000000d6a00000,0x00000000d6ada288,0x00000000d6b00000)
  to   space 512K, 0% used [0x00000000d6b00000,0x00000000d6b00000,0x00000000d6b80000)
 ParOldGen       total 68608K, used 57076K [0x0000000080000000, 0x0000000084300000, 0x00000000d5580000)
  object space 68608K, 83% used [0x0000000080000000,0x00000000837bd3d8,0x0000000084300000)
 Metaspace       used 58253K, committed 59712K, reserved 1114112K
  class space    used 6347K, committed 6976K, reserved 1048576K
}
Event: 9.216 GC heap before
{Heap before GC invocations=40 (full 2):
 PSYoungGen      total 21504K, used 21352K [0x00000000d5580000, 0x00000000d6b80000, 0x0000000100000000)
  eden space 20480K, 100% used [0x00000000d5580000,0x00000000d6980000,0x00000000d6980000)
  from space 1024K, 85% used [0x00000000d6a00000,0x00000000d6ada288,0x00000000d6b00000)
  to   space 512K, 0% used [0x00000000d6b00000,0x00000000d6b00000,0x00000000d6b80000)
 ParOldGen       total 68608K, used 57076K [0x0000000080000000, 0x0000000084300000, 0x00000000d5580000)
  object space 68608K, 83% used [0x0000000080000000,0x00000000837bd3d8,0x0000000084300000)
 Metaspace       used 58281K, committed 59712K, reserved 1114112K
  class space    used 6348K, committed 6976K, reserved 1048576K
}
Event: 9.217 GC heap after
{Heap after GC invocations=40 (full 2):
 PSYoungGen      total 20992K, used 484K [0x00000000d5580000, 0x00000000d6b80000, 0x0000000100000000)
  eden space 20480K, 0% used [0x00000000d5580000,0x00000000d5580000,0x00000000d6980000)
  from space 512K, 94% used [0x00000000d6b00000,0x00000000d6b79158,0x00000000d6b80000)
  to   space 1024K, 0% used [0x00000000d6980000,0x00000000d6980000,0x00000000d6a80000)
 ParOldGen       total 68608K, used 57596K [0x0000000080000000, 0x0000000084300000, 0x00000000d5580000)
  object space 68608K, 83% used [0x0000000080000000,0x000000008383f3d8,0x0000000084300000)
 Metaspace       used 58281K, committed 59712K, reserved 1114112K
  class space    used 6348K, committed 6976K, reserved 1048576K
}
Event: 9.325 GC heap before
{Heap before GC invocations=41 (full 2):
 PSYoungGen      total 20992K, used 20964K [0x00000000d5580000, 0x00000000d6b80000, 0x0000000100000000)
  eden space 20480K, 100% used [0x00000000d5580000,0x00000000d6980000,0x00000000d6980000)
  from space 512K, 94% used [0x00000000d6b00000,0x00000000d6b79158,0x00000000d6b80000)
  to   space 1024K, 0% used [0x00000000d6980000,0x00000000d6980000,0x00000000d6a80000)
 ParOldGen       total 68608K, used 57596K [0x0000000080000000, 0x0000000084300000, 0x00000000d5580000)
  object space 68608K, 83% used [0x0000000080000000,0x000000008383f3d8,0x0000000084300000)
 Metaspace       used 58388K, committed 59776K, reserved 1114112K
  class space    used 6361K, committed 6976K, reserved 1048576K
}
Event: 9.326 GC heap after
{Heap after GC invocations=41 (full 2):
 PSYoungGen      total 21504K, used 341K [0x00000000d5580000, 0x00000000d6b80000, 0x0000000100000000)
  eden space 20480K, 0% used [0x00000000d5580000,0x00000000d5580000,0x00000000d6980000)
  from space 1024K, 33% used [0x00000000d6980000,0x00000000d69d5698,0x00000000d6a80000)
  to   space 512K, 0% used [0x00000000d6b00000,0x00000000d6b00000,0x00000000d6b80000)
 ParOldGen       total 68608K, used 57684K [0x0000000080000000, 0x0000000084300000, 0x00000000d5580000)
  object space 68608K, 84% used [0x0000000080000000,0x00000000838553d8,0x0000000084300000)
 Metaspace       used 58388K, committed 59776K, reserved 1114112K
  class space    used 6361K, committed 6976K, reserved 1048576K
}
Event: 9.352 GC heap before
{Heap before GC invocations=42 (full 2):
 PSYoungGen      total 21504K, used 11168K [0x00000000d5580000, 0x00000000d6b80000, 0x0000000100000000)
  eden space 20480K, 52% used [0x00000000d5580000,0x00000000d6012b48,0x00000000d6980000)
  from space 1024K, 33% used [0x00000000d6980000,0x00000000d69d5698,0x00000000d6a80000)
  to   space 512K, 0% used [0x00000000d6b00000,0x00000000d6b00000,0x00000000d6b80000)
 ParOldGen       total 68608K, used 57684K [0x0000000080000000, 0x0000000084300000, 0x00000000d5580000)
  object space 68608K, 84% used [0x0000000080000000,0x00000000838553d8,0x0000000084300000)
 Metaspace       used 58394K, committed 59776K, reserved 1114112K
  class space    used 6361K, committed 6976K, reserved 1048576K
}
Event: 9.353 GC heap after
{Heap after GC invocations=42 (full 2):
 PSYoungGen      total 20992K, used 288K [0x00000000d5580000, 0x00000000d6b80000, 0x0000000100000000)
  eden space 20480K, 0% used [0x00000000d5580000,0x00000000d5580000,0x00000000d6980000)
  from space 512K, 56% used [0x00000000d6b00000,0x00000000d6b48000,0x00000000d6b80000)
  to   space 512K, 0% used [0x00000000d6a80000,0x00000000d6a80000,0x00000000d6b00000)
 ParOldGen       total 68608K, used 57815K [0x0000000080000000, 0x0000000084300000, 0x00000000d5580000)
  object space 68608K, 84% used [0x0000000080000000,0x0000000083875cd8,0x0000000084300000)
 Metaspace       used 58394K, committed 59776K, reserved 1114112K
  class space    used 6361K, committed 6976K, reserved 1048576K
}
Event: 9.353 GC heap before
{Heap before GC invocations=43 (full 3):
 PSYoungGen      total 20992K, used 288K [0x00000000d5580000, 0x00000000d6b80000, 0x0000000100000000)
  eden space 20480K, 0% used [0x00000000d5580000,0x00000000d5580000,0x00000000d6980000)
  from space 512K, 56% used [0x00000000d6b00000,0x00000000d6b48000,0x00000000d6b80000)
  to   space 512K, 0% used [0x00000000d6a80000,0x00000000d6a80000,0x00000000d6b00000)
 ParOldGen       total 68608K, used 57815K [0x0000000080000000, 0x0000000084300000, 0x00000000d5580000)
  object space 68608K, 84% used [0x0000000080000000,0x0000000083875cd8,0x0000000084300000)
 Metaspace       used 58394K, committed 59776K, reserved 1114112K
  class space    used 6361K, committed 6976K, reserved 1048576K
}
Event: 9.419 GC heap after
{Heap after GC invocations=43 (full 3):
 PSYoungGen      total 20992K, used 0K [0x00000000d5580000, 0x00000000d6b80000, 0x0000000100000000)
  eden space 20480K, 0% used [0x00000000d5580000,0x00000000d5580000,0x00000000d6980000)
  from space 512K, 0% used [0x00000000d6b00000,0x00000000d6b00000,0x00000000d6b80000)
  to   space 512K, 0% used [0x00000000d6a80000,0x00000000d6a80000,0x00000000d6b00000)
 ParOldGen       total 68608K, used 52050K [0x0000000080000000, 0x0000000084300000, 0x00000000d5580000)
  object space 68608K, 75% used [0x0000000080000000,0x00000000832d4b60,0x0000000084300000)
 Metaspace       used 58394K, committed 59776K, reserved 1114112K
  class space    used 6361K, committed 6976K, reserved 1048576K
}

